<?xml version="1.0" encoding="utf-8" standalone="no"?>
<!--This file represents the results of running a test suite-->
<test-results name="C:\Users\makbary-gasany\Documents\Visual Studio 2010\Projects\MVC 3\OdeToFoodSite\OdeToFood.Tests\bin\Debug\OdeToFood.Tests.dll" total="1" errors="0" failures="0" not-run="0" inconclusive="0" ignored="0" skipped="0" invalid="0" date="2015-05-08" time="14:13:03">
  <environment nunit-version="2.6.4.14350" clr-version="2.0.50727.5485" os-version="Microsoft Windows NT 6.1.7601 Service Pack 1" platform="Win32NT" cwd="C:\Users\makbary-gasany\Documents\Visual Studio 2010\Projects\MVC 3\OdeToFoodSite\OdeToFood.Tests\bin\Debug" machine-name="MAGASANY03" user="makbary-gasany" user-domain="WNET" />
  <culture-info current-culture="en-GB" current-uiculture="en-US" />
  <test-suite type="Assembly" name="C:\Users\makbary-gasany\Documents\Visual Studio 2010\Projects\MVC 3\OdeToFoodSite\OdeToFood.Tests\bin\Debug\OdeToFood.Tests.dll" executed="True" result="Success" success="True" time="1.372" asserts="0">
    <results>
      <test-suite type="Namespace" name="OdeToFood" executed="True" result="Success" success="True" time="1.353" asserts="0">
        <results>
          <test-suite type="Namespace" name="Tests" executed="True" result="Success" success="True" time="1.353" asserts="0">
            <results>
              <test-suite type="TestFixture" name="HomeControllerIndexTests" executed="True" result="Success" success="True" time="1.351" asserts="0">
                <results>
                  <test-case name="OdeToFood.Tests.HomeControllerIndexTests.Puts_Message_In_ViewBag" executed="True" result="Success" success="True" time="1.338" asserts="1" />
                </results>
              </test-suite>
            </results>
          </test-suite>
        </results>
      </test-suite>
    </results>
  </test-suite>
</test-results>